[2025-09-22 15:14:44] migration.INFO: 开始迁移仓库 {"project_id":583565,"repository_id":589928} []
[2025-09-22 15:14:44] migration.INFO: 步骤1: 检查GitHub仓库 {"repository":"yangmingxin_tianmao"} []
[2025-09-22 15:14:47] migration.INFO: GitHub仓库已存在，将覆盖 {"repository":"yangmingxin_tianmao","organization":"antcool-dev"} []
[2025-09-22 15:14:48] migration.INFO: 步骤2: 克隆Coding仓库 {"repository":"yangmingxin_tianmao"} []
[2025-09-22 15:22:18] migration.INFO: 开始迁移所有项目 {"options":{"concurrent_limit":3}} []
[2025-09-22 15:22:18] migration.ERROR: 获取项目列表失败 {"error":"Invalid response format from Coding API"} []
[2025-09-22 15:22:18] migration.WARNING: 没有找到需要迁移的项目 [] []
[2025-09-22 15:22:18] migration.INFO: 开始迁移所有项目 {"options":{"concurrent_limit":1,"rate_limit":10}} []
[2025-09-22 15:22:18] migration.ERROR: 获取项目列表失败 {"error":"Invalid response format from Coding API"} []
[2025-09-22 15:22:18] migration.WARNING: 没有找到需要迁移的项目 [] []
[2025-09-22 15:22:18] migration.INFO: 开始迁移所有项目 {"options":{"concurrent_limit":2}} []
[2025-09-22 15:22:18] migration.ERROR: 获取项目列表失败 {"error":"Invalid response format from Coding API"} []
[2025-09-22 15:22:18] migration.WARNING: 没有找到需要迁移的项目 [] []
[2025-09-22 15:22:18] migration.INFO: 开始迁移所有项目 {"options":{"concurrent_limit":2}} []
[2025-09-22 15:22:18] migration.ERROR: 获取项目列表失败 {"error":"Invalid response format from Coding API"} []
[2025-09-22 15:22:18] migration.WARNING: 没有找到需要迁移的项目 [] []
[2025-09-22 15:22:18] migration.INFO: 开始迁移所有项目 {"options":{"concurrent_limit":5}} []
[2025-09-22 15:22:18] migration.ERROR: 获取项目列表失败 {"error":"Invalid response format from Coding API"} []
[2025-09-22 15:22:18] migration.WARNING: 没有找到需要迁移的项目 [] []
[2025-09-22 15:22:18] migration.INFO: 开始迁移所有项目 {"options":{"concurrent_limit":3,"timeout":30}} []
[2025-09-22 15:22:18] migration.ERROR: 获取项目列表失败 {"error":"Invalid response format from Coding API"} []
[2025-09-22 15:22:18] migration.WARNING: 没有找到需要迁移的项目 [] []
[2025-09-22 15:22:18] migration.INFO: 开始迁移所有项目 {"options":{"concurrent_limit":2}} []
[2025-09-22 15:22:18] migration.ERROR: 获取项目列表失败 {"error":"Invalid response format from Coding API"} []
[2025-09-22 15:22:18] migration.WARNING: 没有找到需要迁移的项目 [] []
[2025-09-22 15:22:18] migration.INFO: 开始迁移所有项目 {"options":{"concurrent_limit":3}} []
[2025-09-22 15:22:18] migration.ERROR: 获取项目列表失败 {"error":"Invalid response format from Coding API"} []
[2025-09-22 15:22:18] migration.WARNING: 没有找到需要迁移的项目 [] []
[2025-09-22 15:22:18] migration.INFO: 开始迁移所有项目 {"options":{"concurrent_limit":1,"rate_limit":10}} []
[2025-09-22 15:22:18] migration.ERROR: 获取项目列表失败 {"error":"Invalid response format from Coding API"} []
[2025-09-22 15:22:18] migration.WARNING: 没有找到需要迁移的项目 [] []
[2025-09-22 15:22:18] migration.INFO: 开始迁移所有项目 {"options":{"concurrent_limit":2}} []
[2025-09-22 15:22:18] migration.ERROR: 获取项目列表失败 {"error":"Invalid response format from Coding API"} []
[2025-09-22 15:22:18] migration.WARNING: 没有找到需要迁移的项目 [] []
[2025-09-22 15:22:18] migration.INFO: 开始迁移所有项目 {"options":{"concurrent_limit":2}} []
[2025-09-22 15:22:18] migration.ERROR: 获取项目列表失败 {"error":"Invalid response format from Coding API"} []
[2025-09-22 15:22:18] migration.WARNING: 没有找到需要迁移的项目 [] []
[2025-09-22 15:22:18] migration.INFO: 开始迁移所有项目 {"options":{"concurrent_limit":5}} []
[2025-09-22 15:22:18] migration.ERROR: 获取项目列表失败 {"error":"Invalid response format from Coding API"} []
[2025-09-22 15:22:18] migration.WARNING: 没有找到需要迁移的项目 [] []
[2025-09-22 15:22:18] migration.INFO: 开始迁移所有项目 {"options":{"concurrent_limit":3,"timeout":30}} []
[2025-09-22 15:22:18] migration.ERROR: 获取项目列表失败 {"error":"Invalid response format from Coding API"} []
[2025-09-22 15:22:18] migration.WARNING: 没有找到需要迁移的项目 [] []
[2025-09-22 15:22:18] migration.INFO: 开始迁移所有项目 {"options":{"concurrent_limit":2}} []
[2025-09-22 15:22:18] migration.ERROR: 获取项目列表失败 {"error":"Invalid response format from Coding API"} []
[2025-09-22 15:22:18] migration.WARNING: 没有找到需要迁移的项目 [] []
[2025-09-22 15:23:15] migration.INFO: 开始迁移所有项目 {"options":{"concurrent_limit":2}} []
[2025-09-22 15:23:15] migration.ERROR: 获取项目列表失败 {"error":"Invalid response format from Coding API"} []
[2025-09-22 15:23:15] migration.WARNING: 没有找到需要迁移的项目 [] []
[2025-09-22 15:23:15] migration.INFO: 开始迁移所有项目 {"options":{"concurrent_limit":3}} []
[2025-09-22 15:23:15] migration.ERROR: 获取项目列表失败 {"error":"Invalid response format from Coding API"} []
[2025-09-22 15:23:15] migration.WARNING: 没有找到需要迁移的项目 [] []
[2025-09-22 15:23:15] migration.INFO: 开始迁移所有项目 {"options":{"concurrent_limit":1,"rate_limit":10}} []
[2025-09-22 15:23:15] migration.ERROR: 获取项目列表失败 {"error":"Invalid response format from Coding API"} []
[2025-09-22 15:23:15] migration.WARNING: 没有找到需要迁移的项目 [] []
[2025-09-22 15:23:15] migration.INFO: 开始迁移所有项目 {"options":{"concurrent_limit":2}} []
[2025-09-22 15:23:15] migration.ERROR: 获取项目列表失败 {"error":"Invalid response format from Coding API"} []
[2025-09-22 15:23:15] migration.WARNING: 没有找到需要迁移的项目 [] []
[2025-09-22 15:23:15] migration.INFO: 开始迁移所有项目 {"options":{"concurrent_limit":5}} []
[2025-09-22 15:23:15] migration.ERROR: 获取项目列表失败 {"error":"Invalid response format from Coding API"} []
[2025-09-22 15:23:15] migration.WARNING: 没有找到需要迁移的项目 [] []
[2025-09-22 15:23:15] migration.INFO: 开始迁移所有项目 {"options":{"concurrent_limit":3,"timeout":30}} []
[2025-09-22 15:23:15] migration.ERROR: 获取项目列表失败 {"error":"Invalid response format from Coding API"} []
[2025-09-22 15:23:15] migration.WARNING: 没有找到需要迁移的项目 [] []
[2025-09-22 15:23:15] migration.INFO: 开始迁移所有项目 {"options":{"concurrent_limit":2}} []
[2025-09-22 15:23:15] migration.ERROR: 获取项目列表失败 {"error":"Invalid response format from Coding API"} []
[2025-09-22 15:23:15] migration.WARNING: 没有找到需要迁移的项目 [] []
[2025-09-22 15:23:15] migration.INFO: 开始迁移所有项目 {"options":{"concurrent_limit":2}} []
[2025-09-22 15:23:15] migration.ERROR: 获取项目列表失败 {"error":"Invalid response format from Coding API"} []
[2025-09-22 15:23:15] migration.WARNING: 没有找到需要迁移的项目 [] []
[2025-09-22 15:23:15] migration.INFO: 开始迁移所有项目 {"options":{"concurrent_limit":3}} []
[2025-09-22 15:23:15] migration.ERROR: 获取项目列表失败 {"error":"Invalid response format from Coding API"} []
[2025-09-22 15:23:15] migration.WARNING: 没有找到需要迁移的项目 [] []
[2025-09-22 15:23:15] migration.INFO: 开始迁移所有项目 {"options":{"concurrent_limit":1,"rate_limit":10}} []
[2025-09-22 15:23:15] migration.ERROR: 获取项目列表失败 {"error":"Invalid response format from Coding API"} []
[2025-09-22 15:23:15] migration.WARNING: 没有找到需要迁移的项目 [] []
[2025-09-22 15:23:15] migration.INFO: 开始迁移所有项目 {"options":{"concurrent_limit":2}} []
[2025-09-22 15:23:15] migration.ERROR: 获取项目列表失败 {"error":"Invalid response format from Coding API"} []
[2025-09-22 15:23:15] migration.WARNING: 没有找到需要迁移的项目 [] []
[2025-09-22 15:23:15] migration.INFO: 开始迁移所有项目 {"options":{"concurrent_limit":5}} []
[2025-09-22 15:23:15] migration.ERROR: 获取项目列表失败 {"error":"Invalid response format from Coding API"} []
[2025-09-22 15:23:15] migration.WARNING: 没有找到需要迁移的项目 [] []
[2025-09-22 15:23:15] migration.INFO: 开始迁移所有项目 {"options":{"concurrent_limit":3,"timeout":30}} []
[2025-09-22 15:23:15] migration.ERROR: 获取项目列表失败 {"error":"Invalid response format from Coding API"} []
[2025-09-22 15:23:15] migration.WARNING: 没有找到需要迁移的项目 [] []
[2025-09-22 15:23:15] migration.INFO: 开始迁移所有项目 {"options":{"concurrent_limit":2}} []
[2025-09-22 15:23:15] migration.ERROR: 获取项目列表失败 {"error":"Invalid response format from Coding API"} []
[2025-09-22 15:23:15] migration.WARNING: 没有找到需要迁移的项目 [] []
[2025-09-22 15:23:56] migration.INFO: 开始迁移所有项目 {"options":{"concurrent_limit":2}} []
[2025-09-22 15:23:56] migration.ERROR: 获取项目列表失败 {"error":"Invalid response format from Coding API"} []
[2025-09-22 15:23:56] migration.WARNING: 没有找到需要迁移的项目 [] []
[2025-09-22 15:23:56] migration.INFO: 开始迁移所有项目 {"options":{"concurrent_limit":3}} []
[2025-09-22 15:23:56] migration.ERROR: 获取项目列表失败 {"error":"Invalid response format from Coding API"} []
[2025-09-22 15:23:56] migration.WARNING: 没有找到需要迁移的项目 [] []
[2025-09-22 15:23:56] migration.INFO: 开始迁移所有项目 {"options":{"concurrent_limit":1,"rate_limit":10}} []
[2025-09-22 15:23:56] migration.ERROR: 获取项目列表失败 {"error":"Invalid response format from Coding API"} []
[2025-09-22 15:23:56] migration.WARNING: 没有找到需要迁移的项目 [] []
[2025-09-22 15:23:56] migration.INFO: 开始迁移所有项目 {"options":{"concurrent_limit":2}} []
[2025-09-22 15:23:56] migration.ERROR: 获取项目列表失败 {"error":"Invalid response format from Coding API"} []
[2025-09-22 15:23:56] migration.WARNING: 没有找到需要迁移的项目 [] []
[2025-09-22 15:23:56] migration.INFO: 开始迁移所有项目 {"options":{"concurrent_limit":5}} []
[2025-09-22 15:23:56] migration.ERROR: 获取项目列表失败 {"error":"Invalid response format from Coding API"} []
[2025-09-22 15:23:56] migration.WARNING: 没有找到需要迁移的项目 [] []
[2025-09-22 15:23:56] migration.INFO: 开始迁移所有项目 {"options":{"concurrent_limit":3,"timeout":30}} []
[2025-09-22 15:23:56] migration.ERROR: 获取项目列表失败 {"error":"Invalid response format from Coding API"} []
[2025-09-22 15:23:56] migration.WARNING: 没有找到需要迁移的项目 [] []
[2025-09-22 15:23:56] migration.INFO: 开始迁移所有项目 {"options":{"concurrent_limit":2}} []
[2025-09-22 15:23:56] migration.ERROR: 获取项目列表失败 {"error":"Invalid response format from Coding API"} []
[2025-09-22 15:23:56] migration.WARNING: 没有找到需要迁移的项目 [] []
[2025-09-22 15:23:56] migration.INFO: 开始迁移所有项目 {"options":{"concurrent_limit":2}} []
[2025-09-22 15:23:56] migration.ERROR: 获取项目列表失败 {"error":"Invalid response format from Coding API"} []
[2025-09-22 15:23:56] migration.WARNING: 没有找到需要迁移的项目 [] []
[2025-09-22 15:23:56] migration.INFO: 开始迁移所有项目 {"options":{"concurrent_limit":3}} []
[2025-09-22 15:23:56] migration.ERROR: 获取项目列表失败 {"error":"Invalid response format from Coding API"} []
[2025-09-22 15:23:56] migration.WARNING: 没有找到需要迁移的项目 [] []
[2025-09-22 15:23:56] migration.INFO: 开始迁移所有项目 {"options":{"concurrent_limit":1,"rate_limit":10}} []
[2025-09-22 15:23:56] migration.ERROR: 获取项目列表失败 {"error":"Invalid response format from Coding API"} []
[2025-09-22 15:23:56] migration.WARNING: 没有找到需要迁移的项目 [] []
[2025-09-22 15:23:56] migration.INFO: 开始迁移所有项目 {"options":{"concurrent_limit":2}} []
[2025-09-22 15:23:56] migration.ERROR: 获取项目列表失败 {"error":"Invalid response format from Coding API"} []
[2025-09-22 15:23:56] migration.WARNING: 没有找到需要迁移的项目 [] []
[2025-09-22 15:23:56] migration.INFO: 开始迁移所有项目 {"options":{"concurrent_limit":5}} []
[2025-09-22 15:23:56] migration.ERROR: 获取项目列表失败 {"error":"Invalid response format from Coding API"} []
[2025-09-22 15:23:56] migration.WARNING: 没有找到需要迁移的项目 [] []
[2025-09-22 15:23:56] migration.INFO: 开始迁移所有项目 {"options":{"concurrent_limit":3,"timeout":30}} []
[2025-09-22 15:23:56] migration.ERROR: 获取项目列表失败 {"error":"Invalid response format from Coding API"} []
[2025-09-22 15:23:56] migration.WARNING: 没有找到需要迁移的项目 [] []
[2025-09-22 15:23:56] migration.INFO: 开始迁移所有项目 {"options":{"concurrent_limit":2}} []
[2025-09-22 15:23:56] migration.ERROR: 获取项目列表失败 {"error":"Invalid response format from Coding API"} []
[2025-09-22 15:23:56] migration.WARNING: 没有找到需要迁移的项目 [] []
[2025-09-22 15:24:58] migration.INFO: 开始迁移所有项目 {"options":{"concurrent_limit":2}} []
[2025-09-22 15:24:58] migration.ERROR: 获取项目列表失败 {"error":"Invalid response format from Coding API"} []
[2025-09-22 15:24:58] migration.WARNING: 没有找到需要迁移的项目 [] []
[2025-09-22 15:24:58] migration.INFO: 开始迁移所有项目 {"options":{"concurrent_limit":3}} []
[2025-09-22 15:24:58] migration.ERROR: 获取项目列表失败 {"error":"Invalid response format from Coding API"} []
[2025-09-22 15:24:58] migration.WARNING: 没有找到需要迁移的项目 [] []
[2025-09-22 15:24:58] migration.INFO: 开始迁移所有项目 {"options":{"concurrent_limit":1,"rate_limit":10}} []
[2025-09-22 15:24:58] migration.ERROR: 获取项目列表失败 {"error":"Invalid response format from Coding API"} []
[2025-09-22 15:24:58] migration.WARNING: 没有找到需要迁移的项目 [] []
[2025-09-22 15:24:58] migration.INFO: 开始迁移所有项目 {"options":{"concurrent_limit":2}} []
[2025-09-22 15:24:58] migration.ERROR: 获取项目列表失败 {"error":"Invalid response format from Coding API"} []
[2025-09-22 15:24:58] migration.WARNING: 没有找到需要迁移的项目 [] []
[2025-09-22 15:24:58] migration.INFO: 开始迁移所有项目 {"options":{"concurrent_limit":5}} []
[2025-09-22 15:24:58] migration.ERROR: 获取项目列表失败 {"error":"Invalid response format from Coding API"} []
[2025-09-22 15:24:58] migration.WARNING: 没有找到需要迁移的项目 [] []
[2025-09-22 15:24:58] migration.INFO: 开始迁移所有项目 {"options":{"concurrent_limit":3,"timeout":30}} []
[2025-09-22 15:24:58] migration.ERROR: 获取项目列表失败 {"error":"Invalid response format from Coding API"} []
[2025-09-22 15:24:58] migration.WARNING: 没有找到需要迁移的项目 [] []
[2025-09-22 15:24:58] migration.INFO: 开始迁移所有项目 {"options":{"concurrent_limit":2}} []
[2025-09-22 15:24:58] migration.ERROR: 获取项目列表失败 {"error":"Invalid response format from Coding API"} []
[2025-09-22 15:24:58] migration.WARNING: 没有找到需要迁移的项目 [] []
[2025-09-22 15:24:58] migration.INFO: 开始迁移所有项目 {"options":{"concurrent_limit":2}} []
[2025-09-22 15:24:58] migration.ERROR: 获取项目列表失败 {"error":"Invalid response format from Coding API"} []
[2025-09-22 15:24:58] migration.WARNING: 没有找到需要迁移的项目 [] []
[2025-09-22 15:24:58] migration.INFO: 开始迁移所有项目 {"options":{"concurrent_limit":3}} []
[2025-09-22 15:24:58] migration.ERROR: 获取项目列表失败 {"error":"Invalid response format from Coding API"} []
[2025-09-22 15:24:58] migration.WARNING: 没有找到需要迁移的项目 [] []
[2025-09-22 15:24:58] migration.INFO: 开始迁移所有项目 {"options":{"concurrent_limit":1,"rate_limit":10}} []
[2025-09-22 15:24:58] migration.ERROR: 获取项目列表失败 {"error":"Invalid response format from Coding API"} []
[2025-09-22 15:24:58] migration.WARNING: 没有找到需要迁移的项目 [] []
[2025-09-22 15:24:58] migration.INFO: 开始迁移所有项目 {"options":{"concurrent_limit":2}} []
[2025-09-22 15:24:58] migration.ERROR: 获取项目列表失败 {"error":"Invalid response format from Coding API"} []
[2025-09-22 15:24:58] migration.WARNING: 没有找到需要迁移的项目 [] []
[2025-09-22 15:24:58] migration.INFO: 开始迁移所有项目 {"options":{"concurrent_limit":5}} []
[2025-09-22 15:24:58] migration.ERROR: 获取项目列表失败 {"error":"Invalid response format from Coding API"} []
[2025-09-22 15:24:58] migration.WARNING: 没有找到需要迁移的项目 [] []
[2025-09-22 15:24:58] migration.INFO: 开始迁移所有项目 {"options":{"concurrent_limit":3,"timeout":30}} []
[2025-09-22 15:24:58] migration.ERROR: 获取项目列表失败 {"error":"Invalid response format from Coding API"} []
[2025-09-22 15:24:58] migration.WARNING: 没有找到需要迁移的项目 [] []
[2025-09-22 15:24:58] migration.INFO: 开始迁移所有项目 {"options":{"concurrent_limit":2}} []
[2025-09-22 15:24:58] migration.ERROR: 获取项目列表失败 {"error":"Invalid response format from Coding API"} []
[2025-09-22 15:24:58] migration.WARNING: 没有找到需要迁移的项目 [] []
[2025-09-22 15:26:58] migration.INFO: 开始迁移所有项目 {"options":{"concurrent_limit":2}} []
[2025-09-22 15:26:58] migration.ERROR: 获取项目列表失败 {"error":"Invalid response format from Coding API"} []
[2025-09-22 15:26:58] migration.WARNING: 没有找到需要迁移的项目 [] []
[2025-09-22 15:26:58] migration.INFO: 开始迁移所有项目 {"options":{"concurrent_limit":3}} []
[2025-09-22 15:26:58] migration.ERROR: 获取项目列表失败 {"error":"Invalid response format from Coding API"} []
[2025-09-22 15:26:58] migration.WARNING: 没有找到需要迁移的项目 [] []
[2025-09-22 15:26:58] migration.INFO: 开始迁移所有项目 {"options":{"concurrent_limit":1,"rate_limit":10}} []
[2025-09-22 15:26:58] migration.ERROR: 获取项目列表失败 {"error":"Invalid response format from Coding API"} []
[2025-09-22 15:26:58] migration.WARNING: 没有找到需要迁移的项目 [] []
[2025-09-22 15:26:58] migration.INFO: 开始迁移所有项目 {"options":{"concurrent_limit":2}} []
[2025-09-22 15:26:58] migration.ERROR: 获取项目列表失败 {"error":"Invalid response format from Coding API"} []
[2025-09-22 15:26:58] migration.WARNING: 没有找到需要迁移的项目 [] []
[2025-09-22 15:26:58] migration.INFO: 开始迁移所有项目 {"options":{"concurrent_limit":5}} []
[2025-09-22 15:26:58] migration.ERROR: 获取项目列表失败 {"error":"Invalid response format from Coding API"} []
[2025-09-22 15:26:58] migration.WARNING: 没有找到需要迁移的项目 [] []
[2025-09-22 15:26:58] migration.INFO: 开始迁移所有项目 {"options":{"concurrent_limit":3,"timeout":30}} []
[2025-09-22 15:26:58] migration.ERROR: 获取项目列表失败 {"error":"Invalid response format from Coding API"} []
[2025-09-22 15:26:58] migration.WARNING: 没有找到需要迁移的项目 [] []
[2025-09-22 15:26:58] migration.INFO: 开始迁移所有项目 {"options":{"concurrent_limit":2}} []
[2025-09-22 15:26:58] migration.ERROR: 获取项目列表失败 {"error":"Invalid response format from Coding API"} []
[2025-09-22 15:26:58] migration.WARNING: 没有找到需要迁移的项目 [] []
[2025-09-22 15:26:58] migration.INFO: 开始迁移所有项目 {"options":{"concurrent_limit":2}} []
[2025-09-22 15:26:58] migration.ERROR: 获取项目列表失败 {"error":"Invalid response format from Coding API"} []
[2025-09-22 15:26:58] migration.WARNING: 没有找到需要迁移的项目 [] []
[2025-09-22 15:26:58] migration.INFO: 开始迁移所有项目 {"options":{"concurrent_limit":3}} []
[2025-09-22 15:26:58] migration.ERROR: 获取项目列表失败 {"error":"Invalid response format from Coding API"} []
[2025-09-22 15:26:58] migration.WARNING: 没有找到需要迁移的项目 [] []
[2025-09-22 15:26:58] migration.INFO: 开始迁移所有项目 {"options":{"concurrent_limit":1,"rate_limit":10}} []
[2025-09-22 15:26:58] migration.ERROR: 获取项目列表失败 {"error":"Invalid response format from Coding API"} []
[2025-09-22 15:26:58] migration.WARNING: 没有找到需要迁移的项目 [] []
[2025-09-22 15:26:58] migration.INFO: 开始迁移所有项目 {"options":{"concurrent_limit":2}} []
[2025-09-22 15:26:58] migration.ERROR: 获取项目列表失败 {"error":"Invalid response format from Coding API"} []
[2025-09-22 15:26:58] migration.WARNING: 没有找到需要迁移的项目 [] []
[2025-09-22 15:26:58] migration.INFO: 开始迁移所有项目 {"options":{"concurrent_limit":5}} []
[2025-09-22 15:26:58] migration.ERROR: 获取项目列表失败 {"error":"Invalid response format from Coding API"} []
[2025-09-22 15:26:58] migration.WARNING: 没有找到需要迁移的项目 [] []
[2025-09-22 15:26:58] migration.INFO: 开始迁移所有项目 {"options":{"concurrent_limit":3,"timeout":30}} []
[2025-09-22 15:26:58] migration.ERROR: 获取项目列表失败 {"error":"Invalid response format from Coding API"} []
[2025-09-22 15:26:58] migration.WARNING: 没有找到需要迁移的项目 [] []
[2025-09-22 15:26:58] migration.INFO: 开始迁移所有项目 {"options":{"concurrent_limit":2}} []
[2025-09-22 15:26:58] migration.ERROR: 获取项目列表失败 {"error":"Invalid response format from Coding API"} []
[2025-09-22 15:26:58] migration.WARNING: 没有找到需要迁移的项目 [] []
